<?xml version="1.0" encoding="UTF-8"?>
<testng-results ignored="0" total="3" passed="3" failed="0" skipped="0">
  <reporter-output>
  </reporter-output>
  <suite started-at="2023-06-30T11:38:40 IST" name="Default suite" finished-at="2023-06-30T11:39:00 IST" duration-ms="20773">
    <groups>
      <group name="cucumber">
        <method signature="AbstractTestNGCucumberTests.runScenario(io.cucumber.testng.PickleWrapper,io.cucumber.testng.FeatureWrapper)[pri:0, instance:com.runner.TestNgRunner@4e50c791]" name="runScenario" class="io.cucumber.testng.AbstractTestNGCucumberTests"/>
      </group> <!-- cucumber -->
    </groups>
    <test started-at="2023-06-30T11:38:40 IST" name="Default test" finished-at="2023-06-30T11:39:00 IST" duration-ms="20773">
      <class name="com.runner.TestNgRunner">
        <test-method is-config="true" signature="setUpClass(org.testng.ITestContext)[pri:0, instance:com.runner.TestNgRunner@4e50c791]" started-at="2023-06-30T11:38:40 IST" name="setUpClass" finished-at="2023-06-30T11:38:40 IST" duration-ms="769" status="PASS">
          <params>
            <param index="0">
              <value>
                <![CDATA[org.testng.TestRunner@39e7e040]]>
              </value>
            </param>
          </params>
          <reporter-output>
          </reporter-output>
        </test-method> <!-- setUpClass -->
        <test-method is-config="true" signature="setUp()[pri:0, instance:com.runner.TestNgRunner@4e50c791]" started-at="2023-06-30T11:38:40 IST" name="setUp" finished-at="2023-06-30T11:38:44 IST" duration-ms="3299" status="PASS">
          <reporter-output>
          </reporter-output>
        </test-method> <!-- setUp -->
        <test-method signature="runScenario(io.cucumber.testng.PickleWrapper,io.cucumber.testng.FeatureWrapper)[pri:0, instance:com.runner.TestNgRunner@4e50c791]" started-at="2023-06-30T11:38:44 IST" name="runScenario" description="Runs Cucumber Scenarios" data-provider="scenarios" finished-at="2023-06-30T11:38:56 IST" duration-ms="11876" status="PASS">
          <params>
            <param index="0">
              <value>
                <![CDATA["User order vegetables"]]>
              </value>
            </param>
            <param index="1">
              <value>
                <![CDATA["User buy some vegetables"]]>
              </value>
            </param>
          </params>
          <reporter-output>
          </reporter-output>
        </test-method> <!-- runScenario -->
        <test-method signature="runScenario(io.cucumber.testng.PickleWrapper,io.cucumber.testng.FeatureWrapper)[pri:0, instance:com.runner.TestNgRunner@4e50c791]" started-at="2023-06-30T11:38:56 IST" name="runScenario" description="Runs Cucumber Scenarios" data-provider="scenarios" finished-at="2023-06-30T11:38:58 IST" duration-ms="2595" status="PASS">
          <params>
            <param index="0">
              <value>
                <![CDATA["User placed the order"]]>
              </value>
            </param>
            <param index="1">
              <value>
                <![CDATA["User buy some vegetables"]]>
              </value>
            </param>
          </params>
          <reporter-output>
          </reporter-output>
        </test-method> <!-- runScenario -->
        <test-method signature="runScenario(io.cucumber.testng.PickleWrapper,io.cucumber.testng.FeatureWrapper)[pri:0, instance:com.runner.TestNgRunner@4e50c791]" started-at="2023-06-30T11:38:58 IST" name="runScenario" description="Runs Cucumber Scenarios" data-provider="scenarios" finished-at="2023-06-30T11:38:59 IST" duration-ms="664" status="PASS">
          <params>
            <param index="0">
              <value>
                <![CDATA["User details page"]]>
              </value>
            </param>
            <param index="1">
              <value>
                <![CDATA["User buy some vegetables"]]>
              </value>
            </param>
          </params>
          <reporter-output>
          </reporter-output>
        </test-method> <!-- runScenario -->
        <test-method is-config="true" signature="tearDownClass()[pri:0, instance:com.runner.TestNgRunner@4e50c791]" started-at="2023-06-30T11:38:59 IST" name="tearDownClass" finished-at="2023-06-30T11:39:00 IST" duration-ms="1516" status="PASS">
          <reporter-output>
          </reporter-output>
        </test-method> <!-- tearDownClass -->
      </class> <!-- com.runner.TestNgRunner -->
    </test> <!-- Default test -->
  </suite> <!-- Default suite -->
</testng-results>
